* Owlready2 * Running Pellet...
    java -Xmx2000M -cp /usr/local/lib/python3.7/dist-packages/owlready2/pellet/slf4j-api-1.6.4.jar:/usr/local/lib/python3.7/dist-packages/owlready2/pellet/jena-tdb-0.10.0.jar:/usr/local/lib/python3.7/dist-packages/owlready2/pellet/jena-arq-2.10.0.jar:/usr/local/lib/python3.7/dist-packages/owlready2/pellet/antlr-runtime-3.2.jar:/usr/local/lib/python3.7/dist-packages/owlready2/pellet/xercesImpl-2.10.0.jar:/usr/local/lib/python3.7/dist-packages/owlready2/pellet/slf4j-log4j12-1.6.4.jar:/usr/local/lib/python3.7/dist-packages/owlready2/pellet/log4j-1.2.16.jar:/usr/local/lib/python3.7/dist-packages/owlready2/pellet/antlr-3.2.jar:/usr/local/lib/python3.7/dist-packages/owlready2/pellet/jgrapht-jdk1.5.jar:/usr/local/lib/python3.7/dist-packages/owlready2/pellet/httpcore-4.2.2.jar:/usr/local/lib/python3.7/dist-packages/owlready2/pellet/xml-apis-1.4.01.jar:/usr/local/lib/python3.7/dist-packages/owlready2/pellet/jcl-over-slf4j-1.6.4.jar:/usr/local/lib/python3.7/dist-packages/owlready2/pellet/jena-iri-0.9.5.jar:/usr/local/lib/python3.7/dist-packages/owlready2/pellet/commons-codec-1.6.jar:/usr/local/lib/python3.7/dist-packages/owlready2/pellet/pellet-2.3.1.jar:/usr/local/lib/python3.7/dist-packages/owlready2/pellet/jena-core-2.10.0.jar:/usr/local/lib/python3.7/dist-packages/owlready2/pellet/aterm-java-1.6.jar:/usr/local/lib/python3.7/dist-packages/owlready2/pellet/owlapi-distribution-3.4.3-bin.jar:/usr/local/lib/python3.7/dist-packages/owlready2/pellet/httpclient-4.2.3.jar pellet.Pellet realize --loader Jena --input-format N-Triples --ignore-imports /tmp/tmptoz2_kz1
* Owlready2 * Pellet took 23.050021648406982 seconds
* Owlready * Reparenting onto.inst510: {owl.Thing} => {onto.Class_1}
* Owlready * Reparenting onto.inst534: {owl.Thing} => {onto.Class_1}
* Owlready * Reparenting onto.inst671: {owl.Thing} => {onto.Class_1}
* Owlready * Reparenting onto.inst830: {owl.Thing} => {onto.Class_1}
* Owlready * Reparenting onto.inst505: {owl.Thing} => {onto.Class_1}
* Owlready * Reparenting onto.inst849: {owl.Thing} => {onto.Class_1}
* Owlready * Reparenting onto.inst415: {owl.Thing} => {onto.Class_1}
* Owlready * Reparenting onto.inst74: {owl.Thing} => {onto.Class_1}
* Owlready * Reparenting onto.inst59: {owl.Thing} => {onto.Class_1}
* Owlready * Reparenting onto.inst551: {owl.Thing} => {onto.Class_1}
* Owlready * Reparenting onto.inst497: {owl.Thing} => {onto.Class_1}
* Owlready * Reparenting onto.inst915: {owl.Thing} => {onto.Class_1}
* Owlready * Reparenting onto.inst212: {owl.Thing} => {onto.Class_1}
* Owlready * Reparenting onto.inst458: {owl.Thing} => {onto.Class_1}
* Owlready * Reparenting onto.inst57: {owl.Thing} => {onto.Class_1}
* Owlready * Reparenting onto.inst98: {owl.Thing} => {onto.Class_1}
* Owlready * Reparenting onto.inst184: {owl.Thing} => {onto.Class_1}
* Owlready * Reparenting onto.inst187: {owl.Thing} => {onto.Class_1}
* Owlready * Reparenting onto.inst412: {owl.Thing} => {onto.Class_1}
* Owlready * Reparenting onto.inst197: {owl.Thing} => {onto.Class_1}
* Owlready * Reparenting onto.inst606: {owl.Thing} => {onto.Class_1}
* Owlready * Reparenting onto.inst556: {owl.Thing} => {onto.Class_1}
* Owlready * Reparenting onto.inst117: {owl.Thing} => {onto.Class_1}
* Owlready * Reparenting onto.inst819: {owl.Thing} => {onto.Class_1}
* Owlready * Reparenting onto.inst450: {owl.Thing} => {onto.Class_1}
* Owlready * Reparenting onto.inst152: {owl.Thing} => {onto.Class_1}
* Owlready * Reparenting onto.inst12: {owl.Thing} => {onto.Class_1}
* Owlready * Reparenting onto.inst130: {owl.Thing} => {onto.Class_1}
* Owlready * Reparenting onto.inst462: {owl.Thing} => {onto.Class_1}
* Owlready * Reparenting onto.inst559: {owl.Thing} => {onto.Class_1}
* Owlready * Reparenting onto.inst509: {owl.Thing} => {onto.Class_1}
* Owlready * Reparenting onto.inst75: {owl.Thing} => {onto.Class_1}
* Owlready * Reparenting onto.inst408: {owl.Thing} => {onto.Class_1}
* Owlready * Reparenting onto.inst463: {owl.Thing} => {onto.Class_1}
* Owlready * Reparenting onto.inst843: {owl.Thing} => {onto.Class_1}
* Owlready * Reparenting onto.inst206: {owl.Thing} => {onto.Class_1}
* Owlready * Reparenting onto.inst464: {owl.Thing} => {onto.Class_1}
* Owlready * Reparenting onto.inst873: {owl.Thing} => {onto.Class_1}
* Owlready * Reparenting onto.inst44: {owl.Thing} => {onto.Class_1}
* Owlready * Reparenting onto.inst431: {owl.Thing} => {onto.Class_1}
* Owlready * Reparenting onto.inst124: {owl.Thing} => {onto.Class_1}
* Owlready * Reparenting onto.inst929: {owl.Thing} => {onto.Class_1}
* Owlready * Reparenting onto.inst446: {owl.Thing} => {onto.Class_1}
* Owlready * Reparenting onto.inst147: {owl.Thing} => {onto.Class_1}
* Owlready * Reparenting onto.inst486: {owl.Thing} => {onto.Class_1}
* Owlready * Reparenting onto.inst467: {owl.Thing} => {onto.Class_1}
* Owlready * Reparenting onto.inst846: {owl.Thing} => {onto.Class_1}
* Owlready * Reparenting onto.inst950: {owl.Thing} => {onto.Class_1}
* Owlready * Reparenting onto.inst492: {owl.Thing} => {onto.Class_1}
* Owlready * Reparenting onto.inst894: {owl.Thing} => {onto.Class_1}
* Owlready * Reparenting onto.inst844: {owl.Thing} => {onto.Class_1}
* Owlready * Reparenting onto.inst481: {owl.Thing} => {onto.Class_1}
* Owlready * Reparenting onto.inst122: {owl.Thing} => {onto.Class_1}
* Owlready * Reparenting onto.inst824: {owl.Thing} => {onto.Class_1}
* Owlready * Reparenting onto.inst484: {owl.Thing} => {onto.Class_1}
* Owlready * Reparenting onto.inst41: {owl.Thing} => {onto.Class_1}
* Owlready * Reparenting onto.inst436: {owl.Thing} => {onto.Class_1}
* Owlready * Reparenting onto.inst34: {owl.Thing} => {onto.Class_1}
* Owlready * Reparenting onto.inst194: {owl.Thing} => {onto.Class_1}
* Owlready * Reparenting onto.inst61: {owl.Thing} => {onto.Class_1}
* Owlready * Reparenting onto.inst168: {owl.Thing} => {onto.Class_1}
* Owlready * Reparenting onto.inst515: {owl.Thing} => {onto.Class_1}
* Owlready * Reparenting onto.inst249: {owl.Thing} => {onto.Class_1}
* Owlready * Reparenting onto.inst399: {owl.Thing} => {onto.Class_1}
* Owlready * Reparenting onto.inst916: {owl.Thing} => {onto.Class_1}
* Owlready * Reparenting onto.inst457: {owl.Thing} => {onto.Class_1}
* Owlready * Reparenting onto.inst419: {owl.Thing} => {onto.Class_1}
* Owlready * Reparenting onto.inst858: {owl.Thing} => {onto.Class_1}
* Owlready * Reparenting onto.inst922: {owl.Thing} => {onto.Class_1}
* Owlready * Reparenting onto.inst52: {owl.Thing} => {onto.Class_1}
* Owlready * Reparenting onto.inst3: {owl.Thing} => {onto.Class_1}
* Owlready * Reparenting onto.inst53: {owl.Thing} => {onto.Class_1}
* Owlready * Reparenting onto.inst872: {owl.Thing} => {onto.Class_1}
* Owlready * Reparenting onto.inst911: {owl.Thing} => {onto.Class_1}
* Owlready * Reparenting onto.inst477: {owl.Thing} => {onto.Class_1}
* Owlready * Reparenting onto.inst426: {owl.Thing} => {onto.Class_1}
* Owlready * Reparenting onto.inst107: {owl.Thing} => {onto.Class_1}
* Owlready * Reparenting onto.inst568: {owl.Thing} => {onto.Class_1}
* Owlready * Reparenting onto.inst166: {owl.Thing} => {onto.Class_1}
* Owlready * Reparenting onto.inst548: {owl.Thing} => {onto.Class_1}
* Owlready * Reparenting onto.inst79: {owl.Thing} => {onto.Class_1}
* Owlready * Reparenting onto.inst91: {owl.Thing} => {onto.Class_1}
* Owlready * Reparenting onto.inst868: {owl.Thing} => {onto.Class_1}
* Owlready * Reparenting onto.inst909: {owl.Thing} => {onto.Class_1}
* Owlready * Reparenting onto.inst425: {owl.Thing} => {onto.Class_1}
* Owlready * Reparenting onto.inst520: {owl.Thing} => {onto.Class_1}
* Owlready * Reparenting onto.inst869: {owl.Thing} => {onto.Class_1}
* Owlready * Reparenting onto.inst460: {owl.Thing} => {onto.Class_1}
* Owlready * Reparenting onto.inst959: {owl.Thing} => {onto.Class_1}
* Owlready * Reparenting onto.inst504: {owl.Thing} => {onto.Class_1}
* Owlready * Reparenting onto.inst595: {owl.Thing} => {onto.Class_1}
* Owlready * Reparenting onto.inst546: {owl.Thing} => {onto.Class_1}
* Owlready * Reparenting onto.inst63: {owl.Thing} => {onto.Class_1}
* Owlready * Reparenting onto.inst245: {owl.Thing} => {onto.Class_1}
* Owlready * Reparenting onto.inst71: {owl.Thing} => {onto.Class_1}
* Owlready * Reparenting onto.inst21: {owl.Thing} => {onto.Class_1}
* Owlready * Reparenting onto.inst88: {owl.Thing} => {onto.Class_1}
* Owlready * Reparenting onto.inst99: {owl.Thing} => {onto.Class_1}
* Owlready * Reparenting onto.inst822: {owl.Thing} => {onto.Class_1}
* Owlready * Reparenting onto.inst47: {owl.Thing} => {onto.Class_1}
* Owlready * Reparenting onto.inst123: {owl.Thing} => {onto.Class_1}
* Owlready * Reparenting onto.inst825: {owl.Thing} => {onto.Class_1}
* Owlready * Reparenting onto.inst914: {owl.Thing} => {onto.Class_1}
* Owlready * Reparenting onto.inst190: {owl.Thing} => {onto.Class_1}
* Owlready * Reparenting onto.inst405: {owl.Thing} => {onto.Class_1}
* Owlready * Reparenting onto.inst140: {owl.Thing} => {onto.Class_1}
* Owlready * Reparenting onto.inst176: {owl.Thing} => {onto.Class_1}
* Owlready * Reparenting onto.inst178: {owl.Thing} => {onto.Class_1}
* Owlready * Reparenting onto.inst42: {owl.Thing} => {onto.Class_1}
* Owlready * Reparenting onto.inst28: {owl.Thing} => {onto.Class_1}
* Owlready * Reparenting onto.inst449: {owl.Thing} => {onto.Class_1}
* Owlready * Reparenting onto.inst48: {owl.Thing} => {onto.Class_1}
* Owlready * Reparenting onto.inst13: {owl.Thing} => {onto.Class_1}
* Owlready * Reparenting onto.inst397: {owl.Thing} => {onto.Class_1}
* Owlready * Reparenting onto.inst174: {owl.Thing} => {onto.Class_1}
* Owlready * Reparenting onto.inst440: {owl.Thing} => {onto.Class_1}
* Owlready * Reparenting onto.inst617: {owl.Thing} => {onto.Class_1}
* Owlready * Reparenting onto.inst31: {owl.Thing} => {onto.Class_1}
* Owlready * Reparenting onto.inst544: {owl.Thing} => {onto.Class_1}
* Owlready * Reparenting onto.inst965: {owl.Thing} => {onto.Class_1}
* Owlready * Reparenting onto.inst599: {owl.Thing} => {onto.Class_1}
* Owlready * Reparenting onto.inst466: {owl.Thing} => {onto.Class_1}
* Owlready * Reparenting onto.inst120: {owl.Thing} => {onto.Class_1}
* Owlready * Reparenting onto.inst421: {owl.Thing} => {onto.Class_1}
* Owlready * Reparenting onto.inst571: {owl.Thing} => {onto.Class_1}
* Owlready * Reparenting onto.inst519: {owl.Thing} => {onto.Class_1}
* Owlready * Reparenting onto.inst531: {owl.Thing} => {onto.Class_1}
* Owlready * Reparenting onto.inst823: {owl.Thing} => {onto.Class_1}
* Owlready * Reparenting onto.inst69: {owl.Thing} => {onto.Class_1}
* Owlready * Reparenting onto.inst137: {owl.Thing} => {onto.Class_1}
* Owlready * Reparenting onto.inst410: {owl.Thing} => {onto.Class_1}
* Owlready * Reparenting onto.inst887: {owl.Thing} => {onto.Class_1}
* Owlready * Reparenting onto.inst491: {owl.Thing} => {onto.Class_1}
* Owlready * Reparenting onto.inst524: {owl.Thing} => {onto.Class_1}
* Owlready * Reparenting onto.inst444: {owl.Thing} => {onto.Class_1}
* Owlready * Reparenting onto.inst493: {owl.Thing} => {onto.Class_1}
* Owlready * Reparenting onto.inst101: {owl.Thing} => {onto.Class_1}
* Owlready * Reparenting onto.inst235: {owl.Thing} => {onto.Class_1}
* Owlready * Reparenting onto.inst853: {owl.Thing} => {onto.Class_1}
* Owlready * Reparenting onto.inst193: {owl.Thing} => {onto.Class_1}
* Owlready * Reparenting onto.inst10: {owl.Thing} => {onto.Class_1}
* Owlready * Reparenting onto.inst50: {owl.Thing} => {onto.Class_1}
* Owlready * Reparenting onto.inst76: {owl.Thing} => {onto.Class_1}
* Owlready * Reparenting onto.inst487: {owl.Thing} => {onto.Class_1}
* Owlready * Reparenting onto.inst435: {owl.Thing} => {onto.Class_1}
* Owlready * Reparenting onto.inst596: {owl.Thing} => {onto.Class_1}
* Owlready * Reparenting onto.inst420: {owl.Thing} => {onto.Class_1}
* Owlready * Reparenting onto.inst409: {owl.Thing} => {onto.Class_1}
* Owlready * Reparenting onto.inst169: {owl.Thing} => {onto.Class_1}
* Owlready * Reparenting onto.inst105: {owl.Thing} => {onto.Class_1}
* Owlready * Reparenting onto.inst945: {owl.Thing} => {onto.Class_1}
* Owlready * Reparenting onto.inst476: {owl.Thing} => {onto.Class_1}
* Owlready * Reparenting onto.inst942: {owl.Thing} => {onto.Class_1}
* Owlready * Reparenting onto.inst932: {owl.Thing} => {onto.Class_1}
* Owlready * Reparenting onto.inst514: {owl.Thing} => {onto.Class_1}
* Owlready * Reparenting onto.inst37: {owl.Thing} => {onto.Class_1}
* Owlready * Reparenting onto.inst85: {owl.Thing} => {onto.Class_1}
* Owlready * Reparenting onto.inst855: {owl.Thing} => {onto.Class_1}
* Owlready * Reparenting onto.inst859: {owl.Thing} => {onto.Class_1}
* Owlready * Reparenting onto.inst479: {owl.Thing} => {onto.Class_1}
* Owlready * Reparenting onto.inst424: {owl.Thing} => {onto.Class_1}
* Owlready * Reparenting onto.inst878: {owl.Thing} => {onto.Class_1}
* Owlready * Reparenting onto.inst501: {owl.Thing} => {onto.Class_1}
* Owlready * Reparenting onto.inst407: {owl.Thing} => {onto.Class_1}
* Owlready * Reparenting onto.inst851: {owl.Thing} => {onto.Class_1}
* Owlready * Reparenting onto.inst507: {owl.Thing} => {onto.Class_1}
* Owlready * Reparenting onto.inst111: {owl.Thing} => {onto.Class_1}
* Owlready * Reparenting onto.inst452: {owl.Thing} => {onto.Class_1}
* Owlready * Reparenting onto.inst828: {owl.Thing} => {onto.Class_1}
* Owlready * Reparenting onto.inst474: {owl.Thing} => {onto.Class_1}
* Owlready * Reparenting onto.inst616: {owl.Thing} => {onto.Class_1}
* Owlready * Reparenting onto.inst465: {owl.Thing} => {onto.Class_1}
* Owlready * Reparenting onto.inst418: {owl.Thing} => {onto.Class_1}
* Owlready * Reparenting onto.inst5: {owl.Thing} => {onto.Class_1}
* Owlready * Reparenting onto.inst443: {owl.Thing} => {onto.Class_1}
* Owlready * Reparenting onto.inst234: {owl.Thing} => {onto.Class_1}
* Owlready * Reparenting onto.inst889: {owl.Thing} => {onto.Class_1}
* Owlready * Reparenting onto.inst251: {owl.Thing} => {onto.Class_1}
* Owlready * Reparenting onto.inst161: {owl.Thing} => {onto.Class_1}
* Owlready * Reparenting onto.inst224: {owl.Thing} => {onto.Class_1}
* Owlready * Reparenting onto.inst865: {owl.Thing} => {onto.Class_1}
* Owlready * Reparenting onto.inst643: {owl.Thing} => {onto.Class_1}
* Owlready * Reparenting onto.inst434: {owl.Thing} => {onto.Class_1}
* Owlready * Reparenting onto.inst441: {owl.Thing} => {onto.Class_1}
* Owlready * Reparenting onto.inst904: {owl.Thing} => {onto.Class_1}
* Owlready * Reparenting onto.inst8: {owl.Thing} => {onto.Class_1}
* Owlready * Reparenting onto.inst518: {owl.Thing} => {onto.Class_1}
* Owlready * Reparenting onto.inst475: {owl.Thing} => {onto.Class_1}
* Owlready * Reparenting onto.inst39: {owl.Thing} => {onto.Class_1}
* Owlready * Reparenting onto.inst141: {owl.Thing} => {onto.Class_1}
* Owlready * Reparenting onto.inst613: {owl.Thing} => {onto.Class_1}
* Owlready * Reparenting onto.inst587: {owl.Thing} => {onto.Class_1}
* Owlready * Reparenting onto.inst207: {owl.Thing} => {onto.Class_1}
* Owlready * Reparenting onto.inst416: {owl.Thing} => {onto.Class_1}
* Owlready * Reparenting onto.inst927: {owl.Thing} => {onto.Class_1}
* Owlready * Reparenting onto.inst26: {owl.Thing} => {onto.Class_1}
* Owlready * Reparenting onto.inst850: {owl.Thing} => {onto.Class_1}
* Owlready * Reparenting onto.inst483: {owl.Thing} => {onto.Class_1}
* Owlready * Reparenting onto.inst430: {owl.Thing} => {onto.Class_1}
* Owlready * Reparenting onto.inst54: {owl.Thing} => {onto.Class_1}
* Owlready * Reparenting onto.inst496: {owl.Thing} => {onto.Class_1}
* Owlready * Reparenting onto.inst38: {owl.Thing} => {onto.Class_1}
* Owlready * Reparenting onto.inst11: {owl.Thing} => {onto.Class_1}
* Owlready * Reparenting onto.inst917: {owl.Thing} => {onto.Class_1}
* Owlready * Reparenting onto.inst545: {owl.Thing} => {onto.Class_1}
* Owlready * Reparenting onto.inst456: {owl.Thing} => {onto.Class_1}
* Owlready * Reparenting onto.inst870: {owl.Thing} => {onto.Class_1}
* Owlready * Reparenting onto.inst68: {owl.Thing} => {onto.Class_1}
* Owlready * Reparenting onto.inst83: {owl.Thing} => {onto.Class_1}
* Owlready * Reparenting onto.inst447: {owl.Thing} => {onto.Class_1}
* Owlready * Reparenting onto.inst423: {owl.Thing} => {onto.Class_1}
* Owlready * Reparenting onto.inst155: {owl.Thing} => {onto.Class_1}
* Owlready * Reparenting onto.inst442: {owl.Thing} => {onto.Class_1}
* Owlready * Reparenting onto.inst840: {owl.Thing} => {onto.Class_1}
* Owlready * Reparenting onto.inst589: {owl.Thing} => {onto.Class_1}
* Owlready * Reparenting onto.inst43: {owl.Thing} => {onto.Class_1}
* Owlready * Reparenting onto.inst590: {owl.Thing} => {onto.Class_1}
* Owlready * Reparenting onto.inst934: {owl.Thing} => {onto.Class_1}
* Owlready * Reparenting onto.inst93: {owl.Thing} => {onto.Class_1}
* Owlready * Reparenting onto.inst242: {owl.Thing} => {onto.Class_1}
* Owlready * Reparenting onto.inst146: {owl.Thing} => {onto.Class_1}
* Owlready * Reparenting onto.inst845: {owl.Thing} => {onto.Class_1}
* Owlready * Reparenting onto.inst55: {owl.Thing} => {onto.Class_1}
* Owlready * Reparenting onto.inst243: {owl.Thing} => {onto.Class_1}
* Owlready * Reparenting onto.inst15: {owl.Thing} => {onto.Class_1}
* Owlready * Reparenting onto.inst890: {owl.Thing} => {onto.Class_1}
* Owlready * Reparenting onto.inst433: {owl.Thing} => {onto.Class_1}
* Owlready * Reparenting onto.inst77: {owl.Thing} => {onto.Class_1}
* Owlready * Reparenting onto.inst448: {owl.Thing} => {onto.Class_1}
* Owlready * Reparenting onto.inst521: {owl.Thing} => {onto.Class_1}
* Owlready * Reparenting onto.inst655: {owl.Thing} => {onto.Class_1}
* Owlready * Reparenting onto.inst121: {owl.Thing} => {onto.Class_1}
* Owlready * Reparenting onto.inst119: {owl.Thing} => {onto.Class_1}
* Owlready * Reparenting onto.inst23: {owl.Thing} => {onto.Class_1}
* Owlready * Reparenting onto.inst139: {owl.Thing} => {onto.Class_1}
* Owlready * Reparenting onto.inst186: {owl.Thing} => {onto.Class_1}
* Owlready * Reparenting onto.inst646: {owl.Thing} => {onto.Class_1}
* Owlready * Reparenting onto.inst530: {owl.Thing} => {onto.Class_1}
* Owlready * Reparenting onto.inst602: {owl.Thing} => {onto.Class_1}
* Owlready * Reparenting onto.inst82: {owl.Thing} => {onto.Class_1}
* Owlready * Reparenting onto.inst577: {owl.Thing} => {onto.Class_1}
* Owlready * Reparenting onto.inst62: {owl.Thing} => {onto.Class_1}
* Owlready * Reparenting onto.inst471: {owl.Thing} => {onto.Class_1}
* Owlready * Reparenting onto.inst453: {owl.Thing} => {onto.Class_1}
* Owlready * Reparenting onto.inst821: {owl.Thing} => {onto.Class_1}
* Owlready * Reparenting onto.inst967: {owl.Thing} => {onto.Class_1}
* Owlready * Reparenting onto.inst631: {owl.Thing} => {onto.Class_1}
* Owlready * Reparenting onto.inst404: {owl.Thing} => {onto.Class_1}
* Owlready * Reparenting onto.inst547: {owl.Thing} => {onto.Class_1}
* Owlready * Reparenting onto.inst149: {owl.Thing} => {onto.Class_1}
* Owlready * Reparenting onto.inst142: {owl.Thing} => {onto.Class_1}
* Owlready * Reparenting onto.inst45: {owl.Thing} => {onto.Class_1}
* Owlready * Reparenting onto.inst14: {owl.Thing} => {onto.Class_1}
* Owlready * Reparenting onto.inst454: {owl.Thing} => {onto.Class_1}
* Owlready * Reparenting onto.inst102: {owl.Thing} => {onto.Class_1}
* Owlready * Reparenting onto.inst563: {owl.Thing} => {onto.Class_1}
* Owlready * Reparenting onto.inst485: {owl.Thing} => {onto.Class_1}
* Owlready * Reparenting onto.inst499: {owl.Thing} => {onto.Class_1}
* Owlready * Reparenting onto.inst615: {owl.Thing} => {onto.Class_1}
* Owlready * Reparenting onto.inst148: {owl.Thing} => {onto.Class_1}
* Owlready * Reparenting onto.inst16: {owl.Thing} => {onto.Class_1}
* Owlready * Reparenting onto.inst576: {owl.Thing} => {onto.Class_1}
* Owlready * Reparenting onto.inst919: {owl.Thing} => {onto.Class_1}
* Owlready * Reparenting onto.inst170: {owl.Thing} => {onto.Class_1}
* Owlready * Reparenting onto.inst92: {owl.Thing} => {onto.Class_1}
* Owlready * Reparenting onto.inst549: {owl.Thing} => {onto.Class_1}
* Owlready * Reparenting onto.inst856: {owl.Thing} => {onto.Class_1}
* Owlready * Reparenting onto.inst495: {owl.Thing} => {onto.Class_1}
* Owlready * Reparenting onto.inst665: {owl.Thing} => {onto.Class_1}
* Owlready * Reparenting onto.inst881: {owl.Thing} => {onto.Class_1}
* Owlready * Reparenting onto.inst494: {owl.Thing} => {onto.Class_1}
* Owlready * Reparenting onto.inst199: {owl.Thing} => {onto.Class_1}
* Owlready * Reparenting onto.inst459: {owl.Thing} => {onto.Class_1}
* Owlready * Reparenting onto.inst930: {owl.Thing} => {onto.Class_1}
* Owlready * Reparenting onto.inst90: {owl.Thing} => {onto.Class_1}
* Owlready * Reparenting onto.inst22: {owl.Thing} => {onto.Class_1}
* Owlready * Reparenting onto.inst603: {owl.Thing} => {onto.Class_1}
* Owlready * Reparenting onto.inst871: {owl.Thing} => {onto.Class_1}
* Owlready * Reparenting onto.inst96: {owl.Thing} => {onto.Class_1}
* Owlready * Reparenting onto.inst472: {owl.Thing} => {onto.Class_1}
* Owlready * Reparenting onto.inst81: {owl.Thing} => {onto.Class_1}
* Owlready * Reparenting onto.inst951: {owl.Thing} => {onto.Class_1}
* Owlready * Reparenting onto.inst931: {owl.Thing} => {onto.Class_1}
* Owlready * Reparenting onto.inst56: {owl.Thing} => {onto.Class_1}
* Owlready * Reparenting onto.inst173: {owl.Thing} => {onto.Class_1}
* Owlready * Reparenting onto.inst908: {owl.Thing} => {onto.Class_1}
* Owlready * Reparenting onto.inst533: {owl.Thing} => {onto.Class_1}
* Owlready * Reparenting onto.inst857: {owl.Thing} => {onto.Class_1}
* Owlready * Reparenting onto.inst432: {owl.Thing} => {onto.Class_1}
* Owlready * Reparenting onto.inst411: {owl.Thing} => {onto.Class_1}
* Owlready * Reparenting onto.inst445: {owl.Thing} => {onto.Class_1}
* Owlready * Reparenting onto.inst417: {owl.Thing} => {onto.Class_1}
* Owlready * Reparenting onto.inst567: {owl.Thing} => {onto.Class_1}
* Owlready * Reparenting onto.inst552: {owl.Thing} => {onto.Class_1}
* Owlready * Reparenting onto.inst100: {owl.Thing} => {onto.Class_1}
* Owlready * Reparenting onto.inst58: {owl.Thing} => {onto.Class_1}
* Owlready * Reparenting onto.inst437: {owl.Thing} => {onto.Class_1}
* Owlready * Reparenting onto.inst401: {owl.Thing} => {onto.Class_1}
* Owlready * Reparenting onto.inst165: {owl.Thing} => {onto.Class_1}
* Owlready * Reparenting onto.inst428: {owl.Thing} => {onto.Class_1}
* Owlready * Reparenting onto.inst841: {owl.Thing} => {onto.Class_1}
* Owlready * Reparenting onto.inst126: {owl.Thing} => {onto.Class_1}
* Owlready * Reparenting onto.inst49: {owl.Thing} => {onto.Class_1}
* Owlready * Reparenting onto.inst134: {owl.Thing} => {onto.Class_1}
* Owlready * Reparenting onto.inst151: {owl.Thing} => {onto.Class_1}
* Owlready * Reparenting onto.inst29: {owl.Thing} => {onto.Class_1}
* Owlready * Reparenting onto.inst580: {owl.Thing} => {onto.Class_1}
* Owlready * Reparenting onto.inst116: {owl.Thing} => {onto.Class_1}
* Owlready * Reparenting onto.inst511: {owl.Thing} => {onto.Class_1}
* Owlready * Reparenting onto.inst482: {owl.Thing} => {onto.Class_1}
* Owlready * Reparenting onto.inst429: {owl.Thing} => {onto.Class_1}
* Owlready * Reparenting onto.inst835: {owl.Thing} => {onto.Class_1}
* Owlready * Reparenting onto.inst839: {owl.Thing} => {onto.Class_1}
* Owlready * Reparenting onto.inst508: {owl.Thing} => {onto.Class_1}
* Owlready * Reparenting onto.inst957: {owl.Thing} => {onto.Class_1}
* Owlready * Reparenting onto.inst891: {owl.Thing} => {onto.Class_1}
* Owlready * Reparenting onto.inst502: {owl.Thing} => {onto.Class_1}
* Owlready * Reparenting onto.inst6: {owl.Thing} => {onto.Class_1}
* Owlready * Reparenting onto.inst506: {owl.Thing} => {onto.Class_1}
* Owlready * Reparenting onto.inst9: {owl.Thing} => {onto.Class_1}
* Owlready * Reparenting onto.inst593: {owl.Thing} => {onto.Class_1}
* Owlready * Reparenting onto.inst414: {owl.Thing} => {onto.Class_1}
* Owlready * Reparenting onto.inst877: {owl.Thing} => {onto.Class_1}
* Owlready * Reparenting onto.inst36: {owl.Thing} => {onto.Class_1}
* Owlready * Reparenting onto.inst95: {owl.Thing} => {onto.Class_1}
* Owlready * Reparenting onto.inst135: {owl.Thing} => {onto.Class_1}
* Owlready * Reparenting onto.inst498: {owl.Thing} => {onto.Class_1}
* Owlready * Reparenting onto.inst578: {owl.Thing} => {onto.Class_1}
* Owlready * Reparenting onto.inst834: {owl.Thing} => {onto.Class_1}
* Owlready * Reparenting onto.inst455: {owl.Thing} => {onto.Class_1}
* Owlready * Reparenting onto.inst109: {owl.Thing} => {onto.Class_1}
* Owlready * Reparenting onto.inst208: {owl.Thing} => {onto.Class_1}
* Owlready * Reparenting onto.inst516: {owl.Thing} => {onto.Class_1}
* Owlready * Reparenting onto.inst861: {owl.Thing} => {onto.Class_1}
* Owlready * Reparenting onto.inst525: {owl.Thing} => {onto.Class_1}
* Owlready * Reparenting onto.inst664: {owl.Thing} => {onto.Class_1}
* Owlready * Reparenting onto.inst110: {owl.Thing} => {onto.Class_1}
* Owlready * Reparenting onto.inst24: {owl.Thing} => {onto.Class_1}
* Owlready * Reparenting onto.inst539: {owl.Thing} => {onto.Class_1}
* Owlready * Reparenting onto.inst103: {owl.Thing} => {onto.Class_1}
* Owlready * Reparenting onto.inst864: {owl.Thing} => {onto.Class_1}
* Owlready * Reparenting onto.inst143: {owl.Thing} => {onto.Class_1}
* Owlready * Reparenting onto.inst97: {owl.Thing} => {onto.Class_1}
* Owlready * Reparenting onto.inst4: {owl.Thing} => {onto.Class_1}
* Owlready * Reparenting onto.inst131: {owl.Thing} => {onto.Class_1}
* Owlready * Reparenting onto.inst133: {owl.Thing} => {onto.Class_1}
* Owlready * Reparenting onto.inst89: {owl.Thing} => {onto.Class_1}
* Owlready * Reparenting onto.inst398: {owl.Thing} => {onto.Class_1}
* Owlready * Reparenting onto.inst854: {owl.Thing} => {onto.Class_1}
* Owlready * Reparenting onto.inst541: {owl.Thing} => {onto.Class_1}
* Owlready * Reparenting onto.inst478: {owl.Thing} => {onto.Class_1}
* Owlready * Reparenting onto.inst64: {owl.Thing} => {onto.Class_1}
* Owlready * Reparenting onto.inst847: {owl.Thing} => {onto.Class_1}
* Owlready * Reparenting onto.inst575: {owl.Thing} => {onto.Class_1}
* Owlready * Reparenting onto.inst644: {owl.Thing} => {onto.Class_1}
* Owlready * Reparenting onto.inst528: {owl.Thing} => {onto.Class_1}
* Owlready * Reparenting onto.inst680: {owl.Thing} => {onto.Class_1}
* Owlready * Reparenting onto.inst678: {owl.Thing} => {onto.Class_1}
* Owlready * Reparenting onto.inst960: {owl.Thing} => {onto.Class_1}
* Owlready * Reparenting onto.inst542: {owl.Thing} => {onto.Class_1}
* Owlready * Reparenting onto.inst933: {owl.Thing} => {onto.Class_1}
* Owlready * Reparenting onto.inst32: {owl.Thing} => {onto.Class_1}
* Owlready * Reparenting onto.inst893: {owl.Thing} => {onto.Class_1}
* Owlready * Reparenting onto.inst928: {owl.Thing} => {onto.Class_1}
* Owlready * Reparenting onto.inst20: {owl.Thing} => {onto.Class_1}
* Owlready * Reparenting onto.inst72: {owl.Thing} => {onto.Class_1}
* Owlready * Reparenting onto.inst912: {owl.Thing} => {onto.Class_1}
* Owlready * Reparenting onto.inst536: {owl.Thing} => {onto.Class_1}
* Owlready * Reparenting onto.inst818: {owl.Thing} => {onto.Class_1}
* Owlready * Reparenting onto.inst106: {owl.Thing} => {onto.Class_1}
* Owlready * Reparenting onto.inst490: {owl.Thing} => {onto.Class_1}
* Owlready * Reparenting onto.inst554: {owl.Thing} => {onto.Class_1}
* Owlready * Reparenting onto.inst470: {owl.Thing} => {onto.Class_1}
* Owlready * Reparenting onto.inst129: {owl.Thing} => {onto.Class_1}
* Owlready * Reparenting onto.inst896: {owl.Thing} => {onto.Class_1}
* Owlready * Reparenting onto.inst451: {owl.Thing} => {onto.Class_1}
* Owlready * Reparenting onto.inst73: {owl.Thing} => {onto.Class_1}
* Owlready * Reparenting onto.inst253: {owl.Thing} => {onto.Class_1}
* Owlready * Reparenting onto.inst676: {owl.Thing} => {onto.Class_1}
* Owlready * Reparenting onto.inst84: {owl.Thing} => {onto.Class_1}
* Owlready * Reparenting onto.inst461: {owl.Thing} => {onto.Class_1}
* Owlready * Reparenting onto.inst60: {owl.Thing} => {onto.Class_1}
* Owlready * Reparenting onto.inst112: {owl.Thing} => {onto.Class_1}
* Owlready * Reparenting onto.inst222: {owl.Thing} => {onto.Class_1}
* Owlready * Reparenting onto.inst439: {owl.Thing} => {onto.Class_1}
* Owlready * Reparenting onto.inst204: {owl.Thing} => {onto.Class_1}
* Owlready * Reparenting onto.inst65: {owl.Thing} => {onto.Class_1}
* Owlready * Reparenting onto.inst540: {owl.Thing} => {onto.Class_1}
* Owlready * Reparenting onto.inst422: {owl.Thing} => {onto.Class_1}
* Owlready * Reparenting onto.inst67: {owl.Thing} => {onto.Class_1}
* Owlready * Reparenting onto.inst572: {owl.Thing} => {onto.Class_1}
* Owlready * Reparenting onto.inst51: {owl.Thing} => {onto.Class_1}
* Owlready * Reparenting onto.inst866: {owl.Thing} => {onto.Class_1}
* Owlready * Reparenting onto.inst66: {owl.Thing} => {onto.Class_1}
* Owlready * Reparenting onto.inst167: {owl.Thing} => {onto.Class_1}
* Owlready * Reparenting onto.inst201: {owl.Thing} => {onto.Class_1}
* Owlready * Reparenting onto.inst115: {owl.Thing} => {onto.Class_1}
* Owlready * Reparenting onto.inst145: {owl.Thing} => {onto.Class_1}
* Owlready * Reparenting onto.inst937: {owl.Thing} => {onto.Class_1}
* Owlready * Reparenting onto.inst181: {owl.Thing} => {onto.Class_1}
* Owlready * Reparenting onto.inst610: {owl.Thing} => {onto.Class_1}
* Owlready * Reparenting onto.inst867: {owl.Thing} => {onto.Class_1}
* Owlready * Reparenting onto.inst585: {owl.Thing} => {onto.Class_1}
* Owlready * Reparenting onto.inst480: {owl.Thing} => {onto.Class_1}
* Owlready * Reparenting onto.inst400: {owl.Thing} => {onto.Class_1}
* Owlready * Reparenting onto.inst829: {owl.Thing} => {onto.Class_1}
* Owlready * Reparenting onto.inst158: {owl.Thing} => {onto.Class_1}
* Owlready * Reparenting onto.inst86: {owl.Thing} => {onto.Class_1}
* Owlready * Reparenting onto.inst560: {owl.Thing} => {onto.Class_1}
* Owlready * Reparenting onto.inst113: {owl.Thing} => {onto.Class_1}
* Owlready * Reparenting onto.inst17: {owl.Thing} => {onto.Class_1}
* Owlready * Reparenting onto.inst837: {owl.Thing} => {onto.Class_1}
* Owlready * Reparenting onto.inst863: {owl.Thing} => {onto.Class_1}
* Owlready * Reparenting onto.inst608: {owl.Thing} => {onto.Class_1}
* Owlready * Reparenting onto.inst633: {owl.Thing} => {onto.Class_1}
* Owlready * Reparenting onto.inst838: {owl.Thing} => {onto.Class_1}
* Owlready * Reparenting onto.inst80: {owl.Thing} => {onto.Class_1}
* Owlready * Reparenting onto.inst46: {owl.Thing} => {onto.Class_1}
* Owlready * Reparenting onto.inst468: {owl.Thing} => {onto.Class_1}
* Owlready * Reparenting onto.inst469: {owl.Thing} => {onto.Class_1}
* Owlready * Reparenting onto.inst40: {owl.Thing} => {onto.Class_1}
* Owlready * Reparenting onto.inst820: {owl.Thing} => {onto.Class_1}
* Owlready * Reparenting onto.inst555: {owl.Thing} => {onto.Class_1}
* Owlready * Reparenting onto.inst171: {owl.Thing} => {onto.Class_1}
* Owlready * Reparenting onto.inst19: {owl.Thing} => {onto.Class_1}
* Owlready * Reparenting onto.inst108: {owl.Thing} => {onto.Class_1}
* Owlready * Reparenting onto.inst532: {owl.Thing} => {onto.Class_1}
* Owlready * Reparenting onto.inst488: {owl.Thing} => {onto.Class_1}
* Owlready * Reparenting onto.inst237: {owl.Thing} => {onto.Class_1}
* Owlready * Reparenting onto.inst924: {owl.Thing} => {onto.Class_1}
* Owlready * Reparenting onto.inst27: {owl.Thing} => {onto.Class_1}
* Owlready * Reparenting onto.inst406: {owl.Thing} => {onto.Class_1}
* Owlready * Reparenting onto.inst543: {owl.Thing} => {onto.Class_1}
* Owlready * Reparenting onto.inst138: {owl.Thing} => {onto.Class_1}
* Owlready * Reparenting onto.inst30: {owl.Thing} => {onto.Class_1}
* Owlready * Reparenting onto.inst70: {owl.Thing} => {onto.Class_1}
* Owlready * Reparenting onto.inst125: {owl.Thing} => {onto.Class_1}
* Owlready * Reparenting onto.inst862: {owl.Thing} => {onto.Class_1}
* Owlready * Reparenting onto.inst523: {owl.Thing} => {onto.Class_1}
* Owlready * Reparenting onto.inst582: {owl.Thing} => {onto.Class_1}
* Owlready * Reparenting onto.inst489: {owl.Thing} => {onto.Class_1}
* Owlready * Reparenting onto.inst642: {owl.Thing} => {onto.Class_1}
* Owlready * Reparenting onto.inst162: {owl.Thing} => {onto.Class_1}
* Owlready * Reparenting onto.inst35: {owl.Thing} => {onto.Class_1}
* Owlready * Reparenting onto.inst621: {owl.Thing} => {onto.Class_1}
* Owlready * Reparenting onto.inst898: {owl.Thing} => {onto.Class_1}
* Owlready * Reparenting onto.inst94: {owl.Thing} => {onto.Class_1}
* Owlready * Reparenting onto.inst180: {owl.Thing} => {onto.Class_1}
* Owlready * Reparenting onto.inst557: {owl.Thing} => {onto.Class_1}
* Owlready * Reparenting onto.inst33: {owl.Thing} => {onto.Class_1}
* Owlready * Reparenting onto.inst233: {owl.Thing} => {onto.Class_1}
* Owlready * Reparenting onto.inst879: {owl.Thing} => {onto.Class_1}
* Owlready * Reparenting onto.inst403: {owl.Thing} => {onto.Class_1}
* Owlready * Reparenting onto.inst609: {owl.Thing} => {onto.Class_1}
* Owlready * Reparenting onto.inst104: {owl.Thing} => {onto.Class_1}
* Owlready * Reparenting onto.inst848: {owl.Thing} => {onto.Class_1}
* Owlready * Reparenting onto.inst25: {owl.Thing} => {onto.Class_1}
* Owlready * Reparenting onto.inst500: {owl.Thing} => {onto.Class_1}
* Owlready * Reparenting onto.inst566: {owl.Thing} => {onto.Class_1}
* Owlready * Reparenting onto.inst647: {owl.Thing} => {onto.Class_1}
* Owlready * Reparenting onto.inst583: {owl.Thing} => {onto.Class_1}
* Owlready * Reparenting onto.inst200: {owl.Thing} => {onto.Class_1}
* Owlready * Reparenting onto.inst2: {owl.Thing} => {onto.Class_1}
* Owlready * Reparenting onto.inst114: {owl.Thing} => {onto.Class_1}
* Owlready * Reparenting onto.inst159: {owl.Thing} => {onto.Class_1}
* Owlready * Reparenting onto.inst87: {owl.Thing} => {onto.Class_1}
* Owlready * Reparenting onto.inst517: {owl.Thing} => {onto.Class_1}
* Owlready * Reparenting onto.inst553: {owl.Thing} => {onto.Class_1}
* Owlready * Reparenting onto.inst503: {owl.Thing} => {onto.Class_1}
* Owlready * Reparenting onto.inst438: {owl.Thing} => {onto.Class_1}
* Owlready * Reparenting onto.inst579: {owl.Thing} => {onto.Class_1}
* Owlready * Reparenting onto.inst427: {owl.Thing} => {onto.Class_1}
* Owlready * Reparenting onto.inst512: {owl.Thing} => {onto.Class_1}
* Owlready * Reparenting onto.inst832: {owl.Thing} => {onto.Class_1}
* Owlready * Reparenting onto.inst831: {owl.Thing} => {onto.Class_1}
* Owlready * Reparenting onto.inst629: {owl.Thing} => {onto.Class_2}
* Owlready * Reparenting onto.inst402: {owl.Thing} => {onto.Class_2}
* Owlready * Reparenting onto.inst938: {owl.Thing} => {onto.Class_2}
* Owlready * Reparenting onto.inst688: {owl.Thing} => {onto.Class_2}
* Owlready * Reparenting onto.inst648: {owl.Thing} => {onto.Class_2}
* Owlready * Reparenting onto.inst918: {owl.Thing} => {onto.Class_2}
* Owlready * Reparenting onto.inst526: {owl.Thing} => {onto.Class_2}
* Owlready * Reparenting onto.inst279: {owl.Thing} => {onto.Class_2}
* Owlready * Reparenting onto.inst661: {owl.Thing} => {onto.Class_2}
* Owlready * Reparenting onto.inst227: {owl.Thing} => {onto.Class_2}
* Owlready * Reparenting onto.inst150: {owl.Thing} => {onto.Class_2}
* Owlready * Reparenting onto.inst802: {owl.Thing} => {onto.Class_2}
* Owlready * Reparenting onto.inst900: {owl.Thing} => {onto.Class_2}
* Owlready * Reparenting onto.inst852: {owl.Thing} => {onto.Class_2}
* Owlready * Reparenting onto.inst732: {owl.Thing} => {onto.Class_2}
* Owlready * Reparenting onto.inst304: {owl.Thing} => {onto.Class_2}
* Owlready * Reparenting onto.inst1000: {owl.Thing} => {onto.Class_2}
* Owlready * Reparenting onto.inst975: {owl.Thing} => {onto.Class_2}
* Owlready * Reparenting onto.inst236: {owl.Thing} => {onto.Class_2}
* Owlready * Reparenting onto.inst1015: {owl.Thing} => {onto.Class_2}
* Owlready * Reparenting onto.inst913: {owl.Thing} => {onto.Class_2}
* Owlready * Reparenting onto.inst326: {owl.Thing} => {onto.Class_2}
* Owlready * Reparenting onto.inst1007: {owl.Thing} => {onto.Class_2}
* Owlready * Reparenting onto.inst703: {owl.Thing} => {onto.Class_2}
* Owlready * Reparenting onto.inst283: {owl.Thing} => {onto.Class_2}
* Owlready * Reparenting onto.inst963: {owl.Thing} => {onto.Class_2}
* Owlready * Reparenting onto.inst1041: {owl.Thing} => {onto.Class_2}
* Owlready * Reparenting onto.inst244: {owl.Thing} => {onto.Class_2}
* Owlready * Reparenting onto.inst992: {owl.Thing} => {onto.Class_2}
* Owlready * Reparenting onto.inst1004: {owl.Thing} => {onto.Class_2}
* Owlready * Reparenting onto.inst725: {owl.Thing} => {onto.Class_2}
* Owlready * Reparenting onto.inst990: {owl.Thing} => {onto.Class_2}
* Owlready * Reparenting onto.inst247: {owl.Thing} => {onto.Class_2}
* Owlready * Reparenting onto.inst359: {owl.Thing} => {onto.Class_2}
* Owlready * Reparenting onto.inst318: {owl.Thing} => {onto.Class_2}
* Owlready * Reparenting onto.inst172: {owl.Thing} => {onto.Class_2}
* Owlready * Reparenting onto.inst266: {owl.Thing} => {onto.Class_2}
* Owlready * Reparenting onto.inst196: {owl.Thing} => {onto.Class_2}
* Owlready * Reparenting onto.inst780: {owl.Thing} => {onto.Class_2}
* Owlready * Reparenting onto.inst985: {owl.Thing} => {onto.Class_2}
* Owlready * Reparenting onto.inst366: {owl.Thing} => {onto.Class_2}
* Owlready * Reparenting onto.inst357: {owl.Thing} => {onto.Class_2}
* Owlready * Reparenting onto.inst874: {owl.Thing} => {onto.Class_2}
* Owlready * Reparenting onto.inst939: {owl.Thing} => {onto.Class_2}
* Owlready * Reparenting onto.inst693: {owl.Thing} => {onto.Class_2}
* Owlready * Reparenting onto.inst353: {owl.Thing} => {onto.Class_2}
* Owlready * Reparenting onto.inst714: {owl.Thing} => {onto.Class_2}
* Owlready * Reparenting onto.inst278: {owl.Thing} => {onto.Class_2}
* Owlready * Reparenting onto.inst899: {owl.Thing} => {onto.Class_2}
* Owlready * Reparenting onto.inst742: {owl.Thing} => {onto.Class_2}
* Owlready * Reparenting onto.inst1016: {owl.Thing} => {onto.Class_2}
* Owlready * Reparenting onto.inst704: {owl.Thing} => {onto.Class_2}
* Owlready * Reparenting onto.inst296: {owl.Thing} => {onto.Class_2}
* Owlready * Reparenting onto.inst333: {owl.Thing} => {onto.Class_2}
* Owlready * Reparenting onto.inst882: {owl.Thing} => {onto.Class_2}
* Owlready * Reparenting onto.inst719: {owl.Thing} => {onto.Class_2}
* Owlready * Reparenting onto.inst127: {owl.Thing} => {onto.Class_2}
* Owlready * Reparenting onto.inst337: {owl.Thing} => {onto.Class_2}
* Owlready * Reparenting onto.inst954: {owl.Thing} => {onto.Class_2}
* Owlready * Reparenting onto.inst783: {owl.Thing} => {onto.Class_2}
* Owlready * Reparenting onto.inst1031: {owl.Thing} => {onto.Class_2}
* Owlready * Reparenting onto.inst699: {owl.Thing} => {onto.Class_2}
* Owlready * Reparenting onto.inst748: {owl.Thing} => {onto.Class_2}
* Owlready * Reparenting onto.inst717: {owl.Thing} => {onto.Class_2}
* Owlready * Reparenting onto.inst588: {owl.Thing} => {onto.Class_2}
* Owlready * Reparenting onto.inst1005: {owl.Thing} => {onto.Class_2}
* Owlready * Reparenting onto.inst272: {owl.Thing} => {onto.Class_2}
* Owlready * Reparenting onto.inst323: {owl.Thing} => {onto.Class_2}
* Owlready * Reparenting onto.inst1034: {owl.Thing} => {onto.Class_2}
* Owlready * Reparenting onto.inst312: {owl.Thing} => {onto.Class_2}
* Owlready * Reparenting onto.inst796: {owl.Thing} => {onto.Class_2}
* Owlready * Reparenting onto.inst164: {owl.Thing} => {onto.Class_2}
* Owlready * Reparenting onto.inst295: {owl.Thing} => {onto.Class_2}
* Owlready * Reparenting onto.inst925: {owl.Thing} => {onto.Class_2}
* Owlready * Reparenting onto.inst611: {owl.Thing} => {onto.Class_2}
* Owlready * Reparenting onto.inst935: {owl.Thing} => {onto.Class_2}
* Owlready * Reparenting onto.inst1001: {owl.Thing} => {onto.Class_2}
* Owlready * Reparenting onto.inst672: {owl.Thing} => {onto.Class_2}
* Owlready * Reparenting onto.inst766: {owl.Thing} => {onto.Class_2}
* Owlready * Reparenting onto.inst635: {owl.Thing} => {onto.Class_2}
* Owlready * Reparenting onto.inst772: {owl.Thing} => {onto.Class_2}
* Owlready * Reparenting onto.inst679: {owl.Thing} => {onto.Class_2}
* Owlready * Reparenting onto.inst265: {owl.Thing} => {onto.Class_2}
* Owlready * Reparenting onto.inst228: {owl.Thing} => {onto.Class_2}
* Owlready * Reparenting onto.inst1021: {owl.Thing} => {onto.Class_2}
* Owlready * Reparenting onto.inst289: {owl.Thing} => {onto.Class_2}
* Owlready * Reparenting onto.inst1030: {owl.Thing} => {onto.Class_2}
* Owlready * Reparenting onto.inst944: {owl.Thing} => {onto.Class_2}
* Owlready * Reparenting onto.inst936: {owl.Thing} => {onto.Class_2}
* Owlready * Reparenting onto.inst382: {owl.Thing} => {onto.Class_2}
* Owlready * Reparenting onto.inst306: {owl.Thing} => {onto.Class_2}
* Owlready * Reparenting onto.inst726: {owl.Thing} => {onto.Class_2}
* Owlready * Reparenting onto.inst826: {owl.Thing} => {onto.Class_2}
* Owlready * Reparenting onto.inst860: {owl.Thing} => {onto.Class_2}
* Owlready * Reparenting onto.inst1020: {owl.Thing} => {onto.Class_2}
* Owlready * Reparenting onto.inst982: {owl.Thing} => {onto.Class_2}
* Owlready * Reparenting onto.inst712: {owl.Thing} => {onto.Class_2}
* Owlready * Reparenting onto.inst787: {owl.Thing} => {onto.Class_2}
* Owlready * Reparenting onto.inst658: {owl.Thing} => {onto.Class_2}
* Owlready * Reparenting onto.inst941: {owl.Thing} => {onto.Class_2}
* Owlready * Reparenting onto.inst185: {owl.Thing} => {onto.Class_2}
* Owlready * Reparenting onto.inst715: {owl.Thing} => {onto.Class_2}
* Owlready * Reparenting onto.inst757: {owl.Thing} => {onto.Class_2}
* Owlready * Reparenting onto.inst940: {owl.Thing} => {onto.Class_2}
* Owlready * Reparenting onto.inst724: {owl.Thing} => {onto.Class_2}
* Owlready * Reparenting onto.inst203: {owl.Thing} => {onto.Class_2}
* Owlready * Reparenting onto.inst538: {owl.Thing} => {onto.Class_2}
* Owlready * Reparenting onto.inst684: {owl.Thing} => {onto.Class_2}
* Owlready * Reparenting onto.inst731: {owl.Thing} => {onto.Class_2}
* Owlready * Reparenting onto.inst682: {owl.Thing} => {onto.Class_2}
* Owlready * Reparenting onto.inst816: {owl.Thing} => {onto.Class_2}
* Owlready * Reparenting onto.inst750: {owl.Thing} => {onto.Class_2}
* Owlready * Reparenting onto.inst720: {owl.Thing} => {onto.Class_2}
* Owlready * Reparenting onto.inst995: {owl.Thing} => {onto.Class_2}
* Owlready * Reparenting onto.inst558: {owl.Thing} => {onto.Class_2}
* Owlready * Reparenting onto.inst241: {owl.Thing} => {onto.Class_2}
* Owlready * Reparenting onto.inst327: {owl.Thing} => {onto.Class_2}
* Owlready * Reparenting onto.inst252: {owl.Thing} => {onto.Class_2}
* Owlready * Reparenting onto.inst756: {owl.Thing} => {onto.Class_2}
* Owlready * Reparenting onto.inst706: {owl.Thing} => {onto.Class_2}
* Owlready * Reparenting onto.inst321: {owl.Thing} => {onto.Class_2}
* Owlready * Reparenting onto.inst749: {owl.Thing} => {onto.Class_2}
* Owlready * Reparenting onto.inst255: {owl.Thing} => {onto.Class_2}
* Owlready * Reparenting onto.inst132: {owl.Thing} => {onto.Class_2}
* Owlready * Reparenting onto.inst721: {owl.Thing} => {onto.Class_2}
* Owlready * Reparenting onto.inst1011: {owl.Thing} => {onto.Class_2}
* Owlready * Reparenting onto.inst276: {owl.Thing} => {onto.Class_2}
* Owlready * Reparenting onto.inst698: {owl.Thing} => {onto.Class_2}
* Owlready * Reparenting onto.inst973: {owl.Thing} => {onto.Class_2}
* Owlready * Reparenting onto.inst799: {owl.Thing} => {onto.Class_2}
* Owlready * Reparenting onto.inst623: {owl.Thing} => {onto.Class_2}
* Owlready * Reparenting onto.inst209: {owl.Thing} => {onto.Class_2}
* Owlready * Reparenting onto.inst217: {owl.Thing} => {onto.Class_2}
* Owlready * Reparenting onto.inst805: {owl.Thing} => {onto.Class_2}
* Owlready * Reparenting onto.inst695: {owl.Thing} => {onto.Class_2}
* Owlready * Reparenting onto.inst591: {owl.Thing} => {onto.Class_2}
* Owlready * Reparenting onto.inst354: {owl.Thing} => {onto.Class_2}
* Owlready * Reparenting onto.inst792: {owl.Thing} => {onto.Class_2}
* Owlready * Reparenting onto.inst696: {owl.Thing} => {onto.Class_2}
* Owlready * Reparenting onto.inst561: {owl.Thing} => {onto.Class_2}
* Owlready * Reparenting onto.inst692: {owl.Thing} => {onto.Class_2}
* Owlready * Reparenting onto.inst310: {owl.Thing} => {onto.Class_2}
* Owlready * Reparenting onto.inst947: {owl.Thing} => {onto.Class_2}
* Owlready * Reparenting onto.inst897: {owl.Thing} => {onto.Class_2}
* Owlready * Reparenting onto.inst1028: {owl.Thing} => {onto.Class_2}
* Owlready * Reparenting onto.inst628: {owl.Thing} => {onto.Class_2}
* Owlready * Reparenting onto.inst303: {owl.Thing} => {onto.Class_2}
* Owlready * Reparenting onto.inst710: {owl.Thing} => {onto.Class_2}
* Owlready * Reparenting onto.inst335: {owl.Thing} => {onto.Class_2}
* Owlready * Reparenting onto.inst364: {owl.Thing} => {onto.Class_2}
* Owlready * Reparenting onto.inst759: {owl.Thing} => {onto.Class_2}
* Owlready * Reparenting onto.inst989: {owl.Thing} => {onto.Class_2}
* Owlready * Reparenting onto.inst339: {owl.Thing} => {onto.Class_2}
* Owlready * Reparenting onto.inst810: {owl.Thing} => {onto.Class_2}
* Owlready * Reparenting onto.inst292: {owl.Thing} => {onto.Class_2}
* Owlready * Reparenting onto.inst884: {owl.Thing} => {onto.Class_2}
* Owlready * Reparenting onto.inst182: {owl.Thing} => {onto.Class_2}
* Owlready * Reparenting onto.inst697: {owl.Thing} => {onto.Class_2}
* Owlready * Reparenting onto.inst797: {owl.Thing} => {onto.Class_2}
* Owlready * Reparenting onto.inst895: {owl.Thing} => {onto.Class_2}
* Owlready * Reparenting onto.inst413: {owl.Thing} => {onto.Class_2}
* Owlready * Reparenting onto.inst781: {owl.Thing} => {onto.Class_2}
* Owlready * Reparenting onto.inst275: {owl.Thing} => {onto.Class_2}
* Owlready * Reparenting onto.inst709: {owl.Thing} => {onto.Class_2}
* Owlready * Reparenting onto.inst383: {owl.Thing} => {onto.Class_2}
* Owlready * Reparenting onto.inst958: {owl.Thing} => {onto.Class_2}
* Owlready * Reparenting onto.inst641: {owl.Thing} => {onto.Class_2}
* Owlready * Reparenting onto.inst394: {owl.Thing} => {onto.Class_2}
* Owlready * Reparenting onto.inst375: {owl.Thing} => {onto.Class_2}
* Owlready * Reparenting onto.inst205: {owl.Thing} => {onto.Class_2}
* Owlready * Reparenting onto.inst342: {owl.Thing} => {onto.Class_2}
* Owlready * Reparenting onto.inst761: {owl.Thing} => {onto.Class_2}
* Owlready * Reparenting onto.inst389: {owl.Thing} => {onto.Class_2}
* Owlready * Reparenting onto.inst226: {owl.Thing} => {onto.Class_2}
* Owlready * Reparenting onto.inst371: {owl.Thing} => {onto.Class_2}
* Owlready * Reparenting onto.inst586: {owl.Thing} => {onto.Class_2}
* Owlready * Reparenting onto.inst607: {owl.Thing} => {onto.Class_2}
* Owlready * Reparenting onto.inst775: {owl.Thing} => {onto.Class_2}
* Owlready * Reparenting onto.inst336: {owl.Thing} => {onto.Class_2}
* Owlready * Reparenting onto.inst258: {owl.Thing} => {onto.Class_2}
* Owlready * Reparenting onto.inst360: {owl.Thing} => {onto.Class_2}
* Owlready * Reparenting onto.inst685: {owl.Thing} => {onto.Class_2}
* Owlready * Reparenting onto.inst300: {owl.Thing} => {onto.Class_2}
* Owlready * Reparenting onto.inst700: {owl.Thing} => {onto.Class_2}
* Owlready * Reparenting onto.inst594: {owl.Thing} => {onto.Class_2}
* Owlready * Reparenting onto.inst952: {owl.Thing} => {onto.Class_2}
* Owlready * Reparenting onto.inst314: {owl.Thing} => {onto.Class_2}
* Owlready * Reparenting onto.inst231: {owl.Thing} => {onto.Class_2}
* Owlready * Reparenting onto.inst921: {owl.Thing} => {onto.Class_2}
* Owlready * Reparenting onto.inst604: {owl.Thing} => {onto.Class_2}
* Owlready * Reparenting onto.inst562: {owl.Thing} => {onto.Class_2}
* Owlready * Reparenting onto.inst885: {owl.Thing} => {onto.Class_2}
* Owlready * Reparenting onto.inst281: {owl.Thing} => {onto.Class_2}
* Owlready * Reparenting onto.inst522: {owl.Thing} => {onto.Class_2}
* Owlready * Reparenting onto.inst529: {owl.Thing} => {onto.Class_2}
* Owlready * Reparenting onto.inst727: {owl.Thing} => {onto.Class_2}
* Owlready * Reparenting onto.inst760: {owl.Thing} => {onto.Class_2}
* Owlready * Reparenting onto.inst1009: {owl.Thing} => {onto.Class_2}
* Owlready * Reparenting onto.inst1036: {owl.Thing} => {onto.Class_2}
* Owlready * Reparenting onto.inst747: {owl.Thing} => {onto.Class_2}
* Owlready * Reparenting onto.inst987: {owl.Thing} => {onto.Class_2}
* Owlready * Reparenting onto.inst923: {owl.Thing} => {onto.Class_2}
* Owlready * Reparenting onto.inst305: {owl.Thing} => {onto.Class_2}
* Owlready * Reparenting onto.inst1013: {owl.Thing} => {onto.Class_2}
* Owlready * Reparenting onto.inst285: {owl.Thing} => {onto.Class_2}
* Owlready * Reparenting onto.inst667: {owl.Thing} => {onto.Class_2}
* Owlready * Reparenting onto.inst723: {owl.Thing} => {onto.Class_2}
* Owlready * Reparenting onto.inst298: {owl.Thing} => {onto.Class_2}
* Owlready * Reparenting onto.inst966: {owl.Thing} => {onto.Class_2}
* Owlready * Reparenting onto.inst273: {owl.Thing} => {onto.Class_2}
* Owlready * Reparenting onto.inst763: {owl.Thing} => {onto.Class_2}
* Owlready * Reparenting onto.inst876: {owl.Thing} => {onto.Class_2}
* Owlready * Reparenting onto.inst189: {owl.Thing} => {onto.Class_2}
* Owlready * Reparenting onto.inst670: {owl.Thing} => {onto.Class_2}
* Owlready * Reparenting onto.inst968: {owl.Thing} => {onto.Class_2}
* Owlready * Reparenting onto.inst294: {owl.Thing} => {onto.Class_2}
* Owlready * Reparenting onto.inst160: {owl.Thing} => {onto.Class_2}
* Owlready * Reparenting onto.inst636: {owl.Thing} => {onto.Class_2}
* Owlready * Reparenting onto.inst875: {owl.Thing} => {onto.Class_2}
* Owlready * Reparenting onto.inst7: {owl.Thing} => {onto.Class_2}
* Owlready * Reparenting onto.inst288: {owl.Thing} => {onto.Class_2}
* Owlready * Reparenting onto.inst639: {owl.Thing} => {onto.Class_2}
* Owlready * Reparenting onto.inst254: {owl.Thing} => {onto.Class_2}
* Owlready * Reparenting onto.inst592: {owl.Thing} => {onto.Class_2}
* Owlready * Reparenting onto.inst906: {owl.Thing} => {onto.Class_2}
* Owlready * Reparenting onto.inst764: {owl.Thing} => {onto.Class_2}
* Owlready * Reparenting onto.inst744: {owl.Thing} => {onto.Class_2}
* Owlready * Reparenting onto.inst978: {owl.Thing} => {onto.Class_2}
* Owlready * Reparenting onto.inst263: {owl.Thing} => {onto.Class_2}
* Owlready * Reparenting onto.inst565: {owl.Thing} => {onto.Class_2}
* Owlready * Reparenting onto.inst256: {owl.Thing} => {onto.Class_2}
* Owlready * Reparenting onto.inst374: {owl.Thing} => {onto.Class_2}
* Owlready * Reparenting onto.inst651: {owl.Thing} => {onto.Class_2}
* Owlready * Reparenting onto.inst663: {owl.Thing} => {onto.Class_2}
* Owlready * Reparenting onto.inst722: {owl.Thing} => {onto.Class_2}
* Owlready * Reparenting onto.inst229: {owl.Thing} => {onto.Class_2}
* Owlready * Reparenting onto.inst340: {owl.Thing} => {onto.Class_2}
* Owlready * Reparenting onto.inst926: {owl.Thing} => {onto.Class_2}
* Owlready * Reparenting onto.inst574: {owl.Thing} => {onto.Class_2}
* Owlready * Reparenting onto.inst694: {owl.Thing} => {onto.Class_2}
* Owlready * Reparenting onto.inst597: {owl.Thing} => {onto.Class_2}
* Owlready * Reparenting onto.inst811: {owl.Thing} => {onto.Class_2}
* Owlready * Reparenting onto.inst779: {owl.Thing} => {onto.Class_2}
* Owlready * Reparenting onto.inst286: {owl.Thing} => {onto.Class_2}
* Owlready * Reparenting onto.inst809: {owl.Thing} => {onto.Class_2}
* Owlready * Reparenting onto.inst993: {owl.Thing} => {onto.Class_2}
* Owlready * Reparenting onto.inst1010: {owl.Thing} => {onto.Class_2}
* Owlready * Reparenting onto.inst246: {owl.Thing} => {onto.Class_2}
* Owlready * Reparenting onto.inst1033: {owl.Thing} => {onto.Class_2}
* Owlready * Reparenting onto.inst287: {owl.Thing} => {onto.Class_2}
* Owlready * Reparenting onto.inst223: {owl.Thing} => {onto.Class_2}
* Owlready * Reparenting onto.inst1029: {owl.Thing} => {onto.Class_2}
* Owlready * Reparenting onto.inst598: {owl.Thing} => {onto.Class_2}
* Owlready * Reparenting onto.inst370: {owl.Thing} => {onto.Class_2}
* Owlready * Reparenting onto.inst192: {owl.Thing} => {onto.Class_2}
* Owlready * Reparenting onto.inst601: {owl.Thing} => {onto.Class_2}
* Owlready * Reparenting onto.inst324: {owl.Thing} => {onto.Class_2}
* Owlready * Reparenting onto.inst378: {owl.Thing} => {onto.Class_2}
* Owlready * Reparenting onto.inst183: {owl.Thing} => {onto.Class_2}
* Owlready * Reparenting onto.inst238: {owl.Thing} => {onto.Class_2}
* Owlready * Reparenting onto.inst905: {owl.Thing} => {onto.Class_2}
* Owlready * Reparenting onto.inst733: {owl.Thing} => {onto.Class_2}
* Owlready * Reparenting onto.inst257: {owl.Thing} => {onto.Class_2}
* Owlready * Reparenting onto.inst903: {owl.Thing} => {onto.Class_2}
* Owlready * Reparenting onto.inst997: {owl.Thing} => {onto.Class_2}
* Owlready * Reparenting onto.inst1035: {owl.Thing} => {onto.Class_2}
* Owlready * Reparenting onto.inst888: {owl.Thing} => {onto.Class_2}
* Owlready * Reparenting onto.inst624: {owl.Thing} => {onto.Class_2}
* Owlready * Reparenting onto.inst347: {owl.Thing} => {onto.Class_2}
* Owlready * Reparenting onto.inst1003: {owl.Thing} => {onto.Class_2}
* Owlready * Reparenting onto.inst998: {owl.Thing} => {onto.Class_2}
* Owlready * Reparenting onto.inst614: {owl.Thing} => {onto.Class_2}
* Owlready * Reparenting onto.inst581: {owl.Thing} => {onto.Class_2}
* Owlready * Reparenting onto.inst277: {owl.Thing} => {onto.Class_2}
* Owlready * Reparenting onto.inst728: {owl.Thing} => {onto.Class_2}
* Owlready * Reparenting onto.inst702: {owl.Thing} => {onto.Class_2}
* Owlready * Reparenting onto.inst358: {owl.Thing} => {onto.Class_2}
* Owlready * Reparenting onto.inst319: {owl.Thing} => {onto.Class_2}
* Owlready * Reparenting onto.inst619: {owl.Thing} => {onto.Class_2}
* Owlready * Reparenting onto.inst735: {owl.Thing} => {onto.Class_2}
* Owlready * Reparenting onto.inst817: {owl.Thing} => {onto.Class_2}
* Owlready * Reparenting onto.inst949: {owl.Thing} => {onto.Class_2}
* Owlready * Reparenting onto.inst713: {owl.Thing} => {onto.Class_2}
* Owlready * Reparenting onto.inst473: {owl.Thing} => {onto.Class_2}
* Owlready * Reparenting onto.inst986: {owl.Thing} => {onto.Class_2}
* Owlready * Reparenting onto.inst573: {owl.Thing} => {onto.Class_2}
* Owlready * Reparenting onto.inst220: {owl.Thing} => {onto.Class_2}
* Owlready * Reparenting onto.inst970: {owl.Thing} => {onto.Class_2}
* Owlready * Reparenting onto.inst144: {owl.Thing} => {onto.Class_2}
* Owlready * Reparenting onto.inst1025: {owl.Thing} => {onto.Class_2}
* Owlready * Reparenting onto.inst284: {owl.Thing} => {onto.Class_2}
* Owlready * Reparenting onto.inst352: {owl.Thing} => {onto.Class_2}
* Owlready * Reparenting onto.inst1017: {owl.Thing} => {onto.Class_2}
* Owlready * Reparenting onto.inst570: {owl.Thing} => {onto.Class_2}
* Owlready * Reparenting onto.inst814: {owl.Thing} => {onto.Class_2}
* Owlready * Reparenting onto.inst656: {owl.Thing} => {onto.Class_2}
* Owlready * Reparenting onto.inst396: {owl.Thing} => {onto.Class_2}
* Owlready * Reparenting onto.inst806: {owl.Thing} => {onto.Class_2}
* Owlready * Reparenting onto.inst795: {owl.Thing} => {onto.Class_2}
* Owlready * Reparenting onto.inst687: {owl.Thing} => {onto.Class_2}
* Owlready * Reparenting onto.inst537: {owl.Thing} => {onto.Class_2}
* Owlready * Reparenting onto.inst777: {owl.Thing} => {onto.Class_2}
* Owlready * Reparenting onto.inst136: {owl.Thing} => {onto.Class_2}
* Owlready * Reparenting onto.inst198: {owl.Thing} => {onto.Class_2}
* Owlready * Reparenting onto.inst332: {owl.Thing} => {onto.Class_2}
* Owlready * Reparenting onto.inst771: {owl.Thing} => {onto.Class_2}
* Owlready * Reparenting onto.inst153: {owl.Thing} => {onto.Class_2}
* Owlready * Reparenting onto.inst620: {owl.Thing} => {onto.Class_2}
* Owlready * Reparenting onto.inst632: {owl.Thing} => {onto.Class_2}
* Owlready * Reparenting onto.inst388: {owl.Thing} => {onto.Class_2}
* Owlready * Reparenting onto.inst815: {owl.Thing} => {onto.Class_2}
* Owlready * Reparenting onto.inst669: {owl.Thing} => {onto.Class_2}
* Owlready * Reparenting onto.inst976: {owl.Thing} => {onto.Class_2}
* Owlready * Reparenting onto.inst776: {owl.Thing} => {onto.Class_2}
* Owlready * Reparenting onto.inst527: {owl.Thing} => {onto.Class_2}
* Owlready * Reparenting onto.inst691: {owl.Thing} => {onto.Class_2}
* Owlready * Reparenting onto.inst309: {owl.Thing} => {onto.Class_2}
* Owlready * Reparenting onto.inst290: {owl.Thing} => {onto.Class_2}
* Owlready * Reparenting onto.inst355: {owl.Thing} => {onto.Class_2}
* Owlready * Reparenting onto.inst18: {owl.Thing} => {onto.Class_2}
* Owlready * Reparenting onto.inst984: {owl.Thing} => {onto.Class_2}
* Owlready * Reparenting onto.inst649: {owl.Thing} => {onto.Class_2}
* Owlready * Reparenting onto.inst188: {owl.Thing} => {onto.Class_2}
* Owlready * Reparenting onto.inst154: {owl.Thing} => {onto.Class_2}
* Owlready * Reparenting onto.inst794: {owl.Thing} => {onto.Class_2}
* Owlready * Reparenting onto.inst769: {owl.Thing} => {onto.Class_2}
* Owlready * Reparenting onto.inst341: {owl.Thing} => {onto.Class_2}
* Owlready * Reparenting onto.inst584: {owl.Thing} => {onto.Class_2}
* Owlready * Reparenting onto.inst1018: {owl.Thing} => {onto.Class_2}
* Owlready * Reparenting onto.inst301: {owl.Thing} => {onto.Class_2}
* Owlready * Reparenting onto.inst373: {owl.Thing} => {onto.Class_2}
* Owlready * Reparenting onto.inst946: {owl.Thing} => {onto.Class_2}
* Owlready * Reparenting onto.inst1019: {owl.Thing} => {onto.Class_2}
* Owlready * Reparenting onto.inst674: {owl.Thing} => {onto.Class_2}
* Owlready * Reparenting onto.inst368: {owl.Thing} => {onto.Class_2}
* Owlready * Reparenting onto.inst660: {owl.Thing} => {onto.Class_2}
* Owlready * Reparenting onto.inst808: {owl.Thing} => {onto.Class_2}
* Owlready * Reparenting onto.inst754: {owl.Thing} => {onto.Class_2}
* Owlready * Reparenting onto.inst1026: {owl.Thing} => {onto.Class_2}
* Owlready * Reparenting onto.inst259: {owl.Thing} => {onto.Class_2}
* Owlready * Reparenting onto.inst637: {owl.Thing} => {onto.Class_2}
* Owlready * Reparenting onto.inst225: {owl.Thing} => {onto.Class_2}
* Owlready * Reparenting onto.inst753: {owl.Thing} => {onto.Class_2}
* Owlready * Reparenting onto.inst393: {owl.Thing} => {onto.Class_2}
* Owlready * Reparenting onto.inst650: {owl.Thing} => {onto.Class_2}
* Owlready * Reparenting onto.inst739: {owl.Thing} => {onto.Class_2}
* Owlready * Reparenting onto.inst708: {owl.Thing} => {onto.Class_2}
* Owlready * Reparenting onto.inst392: {owl.Thing} => {onto.Class_2}
* Owlready * Reparenting onto.inst630: {owl.Thing} => {onto.Class_2}
* Owlready * Reparenting onto.inst640: {owl.Thing} => {onto.Class_2}
* Owlready * Reparenting onto.inst369: {owl.Thing} => {onto.Class_2}
* Owlready * Reparenting onto.inst974: {owl.Thing} => {onto.Class_2}
* Owlready * Reparenting onto.inst999: {owl.Thing} => {onto.Class_2}
* Owlready * Reparenting onto.inst328: {owl.Thing} => {onto.Class_2}
* Owlready * Reparenting onto.inst740: {owl.Thing} => {onto.Class_2}
* Owlready * Reparenting onto.inst833: {owl.Thing} => {onto.Class_2}
* Owlready * Reparenting onto.inst216: {owl.Thing} => {onto.Class_2}
* Owlready * Reparenting onto.inst315: {owl.Thing} => {onto.Class_2}
* Owlready * Reparenting onto.inst1012: {owl.Thing} => {onto.Class_2}
* Owlready * Reparenting onto.inst734: {owl.Thing} => {onto.Class_2}
* Owlready * Reparenting onto.inst274: {owl.Thing} => {onto.Class_2}
* Owlready * Reparenting onto.inst618: {owl.Thing} => {onto.Class_2}
* Owlready * Reparenting onto.inst381: {owl.Thing} => {onto.Class_2}
* Owlready * Reparenting onto.inst232: {owl.Thing} => {onto.Class_2}
* Owlready * Reparenting onto.inst218: {owl.Thing} => {onto.Class_2}
* Owlready * Reparenting onto.inst804: {owl.Thing} => {onto.Class_2}
* Owlready * Reparenting onto.inst386: {owl.Thing} => {onto.Class_2}
* Owlready * Reparenting onto.inst280: {owl.Thing} => {onto.Class_2}
* Owlready * Reparenting onto.inst317: {owl.Thing} => {onto.Class_2}
* Owlready * Reparenting onto.inst240: {owl.Thing} => {onto.Class_2}
* Owlready * Reparenting onto.inst344: {owl.Thing} => {onto.Class_2}
* Owlready * Reparenting onto.inst600: {owl.Thing} => {onto.Class_2}
* Owlready * Reparenting onto.inst801: {owl.Thing} => {onto.Class_2}
* Owlready * Reparenting onto.inst675: {owl.Thing} => {onto.Class_2}
* Owlready * Reparenting onto.inst1024: {owl.Thing} => {onto.Class_2}
* Owlready * Reparenting onto.inst1037: {owl.Thing} => {onto.Class_2}
* Owlready * Reparenting onto.inst219: {owl.Thing} => {onto.Class_2}
* Owlready * Reparenting onto.inst659: {owl.Thing} => {onto.Class_2}
* Owlready * Reparenting onto.inst964: {owl.Thing} => {onto.Class_2}
* Owlready * Reparenting onto.inst1014: {owl.Thing} => {onto.Class_2}
* Owlready * Reparenting onto.inst765: {owl.Thing} => {onto.Class_2}
* Owlready * Reparenting onto.inst798: {owl.Thing} => {onto.Class_2}
* Owlready * Reparenting onto.inst299: {owl.Thing} => {onto.Class_2}
* Owlready * Reparenting onto.inst325: {owl.Thing} => {onto.Class_2}
* Owlready * Reparenting onto.inst118: {owl.Thing} => {onto.Class_2}
* Owlready * Reparenting onto.inst334: {owl.Thing} => {onto.Class_2}
* Owlready * Reparenting onto.inst345: {owl.Thing} => {onto.Class_2}
* Owlready * Reparenting onto.inst1043: {owl.Thing} => {onto.Class_2}
* Owlready * Reparenting onto.inst230: {owl.Thing} => {onto.Class_2}
* Owlready * Reparenting onto.inst351: {owl.Thing} => {onto.Class_2}
* Owlready * Reparenting onto.inst785: {owl.Thing} => {onto.Class_2}
* Owlready * Reparenting onto.inst813: {owl.Thing} => {onto.Class_2}
* Owlready * Reparenting onto.inst789: {owl.Thing} => {onto.Class_2}
* Owlready * Reparenting onto.inst390: {owl.Thing} => {onto.Class_2}
* Owlready * Reparenting onto.inst262: {owl.Thing} => {onto.Class_2}
* Owlready * Reparenting onto.inst384: {owl.Thing} => {onto.Class_2}
* Owlready * Reparenting onto.inst980: {owl.Thing} => {onto.Class_2}
* Owlready * Reparenting onto.inst349: {owl.Thing} => {onto.Class_2}
* Owlready * Reparenting onto.inst625: {owl.Thing} => {onto.Class_2}
* Owlready * Reparenting onto.inst377: {owl.Thing} => {onto.Class_2}
* Owlready * Reparenting onto.inst793: {owl.Thing} => {onto.Class_2}
* Owlready * Reparenting onto.inst657: {owl.Thing} => {onto.Class_2}
* Owlready * Reparenting onto.inst1008: {owl.Thing} => {onto.Class_2}
* Owlready * Reparenting onto.inst395: {owl.Thing} => {onto.Class_2}
* Owlready * Reparenting onto.inst271: {owl.Thing} => {onto.Class_2}
* Owlready * Reparenting onto.inst943: {owl.Thing} => {onto.Class_2}
* Owlready * Reparenting onto.inst308: {owl.Thing} => {onto.Class_2}
* Owlready * Reparenting onto.inst803: {owl.Thing} => {onto.Class_2}
* Owlready * Reparenting onto.inst365: {owl.Thing} => {onto.Class_2}
* Owlready * Reparenting onto.inst751: {owl.Thing} => {onto.Class_2}
* Owlready * Reparenting onto.inst215: {owl.Thing} => {onto.Class_2}
* Owlready * Reparenting onto.inst977: {owl.Thing} => {onto.Class_2}
* Owlready * Reparenting onto.inst743: {owl.Thing} => {onto.Class_2}
* Owlready * Reparenting onto.inst711: {owl.Thing} => {onto.Class_2}
* Owlready * Reparenting onto.inst961: {owl.Thing} => {onto.Class_2}
* Owlready * Reparenting onto.inst569: {owl.Thing} => {onto.Class_2}
* Owlready * Reparenting onto.inst250: {owl.Thing} => {onto.Class_2}
* Owlready * Reparenting onto.inst612: {owl.Thing} => {onto.Class_2}
* Owlready * Reparenting onto.inst681: {owl.Thing} => {onto.Class_2}
* Owlready * Reparenting onto.inst988: {owl.Thing} => {onto.Class_2}
* Owlready * Reparenting onto.inst322: {owl.Thing} => {onto.Class_2}
* Owlready * Reparenting onto.inst994: {owl.Thing} => {onto.Class_2}
* Owlready * Reparenting onto.inst564: {owl.Thing} => {onto.Class_2}
* Owlready * Reparenting onto.inst902: {owl.Thing} => {onto.Class_2}
* Owlready * Reparenting onto.inst800: {owl.Thing} => {onto.Class_2}
* Owlready * Reparenting onto.inst953: {owl.Thing} => {onto.Class_2}
* Owlready * Reparenting onto.inst213: {owl.Thing} => {onto.Class_2}
* Owlready * Reparenting onto.inst1027: {owl.Thing} => {onto.Class_2}
* Owlready * Reparenting onto.inst730: {owl.Thing} => {onto.Class_2}
* Owlready * Reparenting onto.inst320: {owl.Thing} => {onto.Class_2}
* Owlready * Reparenting onto.inst745: {owl.Thing} => {onto.Class_2}
* Owlready * Reparenting onto.inst770: {owl.Thing} => {onto.Class_2}
* Owlready * Reparenting onto.inst387: {owl.Thing} => {onto.Class_2}
* Owlready * Reparenting onto.inst666: {owl.Thing} => {onto.Class_2}
* Owlready * Reparenting onto.inst886: {owl.Thing} => {onto.Class_2}
* Owlready * Reparenting onto.inst156: {owl.Thing} => {onto.Class_2}
* Owlready * Reparenting onto.inst683: {owl.Thing} => {onto.Class_2}
* Owlready * Reparenting onto.inst177: {owl.Thing} => {onto.Class_2}
* Owlready * Reparenting onto.inst983: {owl.Thing} => {onto.Class_2}
* Owlready * Reparenting onto.inst979: {owl.Thing} => {onto.Class_2}
* Owlready * Reparenting onto.inst346: {owl.Thing} => {onto.Class_2}
* Owlready * Reparenting onto.inst214: {owl.Thing} => {onto.Class_2}
* Owlready * Reparenting onto.inst363: {owl.Thing} => {onto.Class_2}
* Owlready * Reparenting onto.inst907: {owl.Thing} => {onto.Class_2}
* Owlready * Reparenting onto.inst302: {owl.Thing} => {onto.Class_2}
* Owlready * Reparenting onto.inst654: {owl.Thing} => {onto.Class_2}
* Owlready * Reparenting onto.inst956: {owl.Thing} => {onto.Class_2}
* Owlready * Reparenting onto.inst812: {owl.Thing} => {onto.Class_2}
* Owlready * Reparenting onto.inst291: {owl.Thing} => {onto.Class_2}
* Owlready * Reparenting onto.inst380: {owl.Thing} => {onto.Class_2}
* Owlready * Reparenting onto.inst391: {owl.Thing} => {onto.Class_2}
* Owlready * Reparenting onto.inst1022: {owl.Thing} => {onto.Class_2}
* Owlready * Reparenting onto.inst361: {owl.Thing} => {onto.Class_2}
* Owlready * Reparenting onto.inst686: {owl.Thing} => {onto.Class_2}
* Owlready * Reparenting onto.inst627: {owl.Thing} => {onto.Class_2}
* Owlready * Reparenting onto.inst329: {owl.Thing} => {onto.Class_2}
* Owlready * Reparenting onto.inst969: {owl.Thing} => {onto.Class_2}
* Owlready * Reparenting onto.inst689: {owl.Thing} => {onto.Class_2}
* Owlready * Reparenting onto.inst356: {owl.Thing} => {onto.Class_2}
* Owlready * Reparenting onto.inst774: {owl.Thing} => {onto.Class_2}
* Owlready * Reparenting onto.inst842: {owl.Thing} => {onto.Class_2}
* Owlready * Reparenting onto.inst338: {owl.Thing} => {onto.Class_2}
* Owlready * Reparenting onto.inst729: {owl.Thing} => {onto.Class_2}
* Owlready * Reparenting onto.inst385: {owl.Thing} => {onto.Class_2}
* Owlready * Reparenting onto.inst752: {owl.Thing} => {onto.Class_2}
* Owlready * Reparenting onto.inst971: {owl.Thing} => {onto.Class_2}
* Owlready * Reparenting onto.inst768: {owl.Thing} => {onto.Class_2}
* Owlready * Reparenting onto.inst883: {owl.Thing} => {onto.Class_2}
* Owlready * Reparenting onto.inst260: {owl.Thing} => {onto.Class_2}
* Owlready * Reparenting onto.inst622: {owl.Thing} => {onto.Class_2}
* Owlready * Reparenting onto.inst962: {owl.Thing} => {onto.Class_2}
* Owlready * Reparenting onto.inst210: {owl.Thing} => {onto.Class_2}
* Owlready * Reparenting onto.inst662: {owl.Thing} => {onto.Class_2}
* Owlready * Reparenting onto.inst175: {owl.Thing} => {onto.Class_2}
* Owlready * Reparenting onto.inst955: {owl.Thing} => {onto.Class_2}
* Owlready * Reparenting onto.inst807: {owl.Thing} => {onto.Class_2}
* Owlready * Reparenting onto.inst343: {owl.Thing} => {onto.Class_2}
* Owlready * Reparenting onto.inst1006: {owl.Thing} => {onto.Class_2}
* Owlready * Reparenting onto.inst362: {owl.Thing} => {onto.Class_2}
* Owlready * Reparenting onto.inst778: {owl.Thing} => {onto.Class_2}
* Owlready * Reparenting onto.inst1002: {owl.Thing} => {onto.Class_2}
* Owlready * Reparenting onto.inst269: {owl.Thing} => {onto.Class_2}
* Owlready * Reparenting onto.inst836: {owl.Thing} => {onto.Class_2}
* Owlready * Reparenting onto.inst755: {owl.Thing} => {onto.Class_2}
* Owlready * Reparenting onto.inst261: {owl.Thing} => {onto.Class_2}
* Owlready * Reparenting onto.inst652: {owl.Thing} => {onto.Class_2}
* Owlready * Reparenting onto.inst1042: {owl.Thing} => {onto.Class_2}
* Owlready * Reparenting onto.inst786: {owl.Thing} => {onto.Class_2}
* Owlready * Reparenting onto.inst330: {owl.Thing} => {onto.Class_2}
* Owlready * Reparenting onto.inst767: {owl.Thing} => {onto.Class_2}
* Owlready * Reparenting onto.inst191: {owl.Thing} => {onto.Class_2}
* Owlready * Reparenting onto.inst737: {owl.Thing} => {onto.Class_2}
* Owlready * Reparenting onto.inst668: {owl.Thing} => {onto.Class_2}
* Owlready * Reparenting onto.inst157: {owl.Thing} => {onto.Class_2}
* Owlready * Reparenting onto.inst758: {owl.Thing} => {onto.Class_2}
* Owlready * Reparenting onto.inst1040: {owl.Thing} => {onto.Class_2}
* Owlready * Reparenting onto.inst78: {owl.Thing} => {onto.Class_2}
* Owlready * Reparenting onto.inst784: {owl.Thing} => {onto.Class_2}
* Owlready * Reparenting onto.inst972: {owl.Thing} => {onto.Class_2}
* Owlready * Reparenting onto.inst211: {owl.Thing} => {onto.Class_2}
* Owlready * Reparenting onto.inst282: {owl.Thing} => {onto.Class_2}
* Owlready * Reparenting onto.inst773: {owl.Thing} => {onto.Class_2}
* Owlready * Reparenting onto.inst535: {owl.Thing} => {onto.Class_2}
* Owlready * Reparenting onto.inst707: {owl.Thing} => {onto.Class_2}
* Owlready * Reparenting onto.inst634: {owl.Thing} => {onto.Class_2}
* Owlready * Reparenting onto.inst267: {owl.Thing} => {onto.Class_2}
* Owlready * Reparenting onto.inst163: {owl.Thing} => {onto.Class_2}
* Owlready * Reparenting onto.inst788: {owl.Thing} => {onto.Class_2}
* Owlready * Reparenting onto.inst948: {owl.Thing} => {onto.Class_2}
* Owlready * Reparenting onto.inst372: {owl.Thing} => {onto.Class_2}
* Owlready * Reparenting onto.inst550: {owl.Thing} => {onto.Class_2}
* Owlready * Reparenting onto.inst348: {owl.Thing} => {onto.Class_2}
* Owlready * Reparenting onto.inst991: {owl.Thing} => {onto.Class_2}
* Owlready * Reparenting onto.inst645: {owl.Thing} => {onto.Class_2}
* Owlready * Reparenting onto.inst195: {owl.Thing} => {onto.Class_2}
* Owlready * Reparenting onto.inst673: {owl.Thing} => {onto.Class_2}
* Owlready * Reparenting onto.inst677: {owl.Thing} => {onto.Class_2}
* Owlready * Reparenting onto.inst782: {owl.Thing} => {onto.Class_2}
* Owlready * Reparenting onto.inst307: {owl.Thing} => {onto.Class_2}
* Owlready * Reparenting onto.inst350: {owl.Thing} => {onto.Class_2}
* Owlready * Reparenting onto.inst1023: {owl.Thing} => {onto.Class_2}
* Owlready * Reparenting onto.inst736: {owl.Thing} => {onto.Class_2}
* Owlready * Reparenting onto.inst981: {owl.Thing} => {onto.Class_2}
* Owlready * Reparenting onto.inst920: {owl.Thing} => {onto.Class_2}
* Owlready * Reparenting onto.inst1038: {owl.Thing} => {onto.Class_2}
* Owlready * Reparenting onto.inst270: {owl.Thing} => {onto.Class_2}
* Owlready * Reparenting onto.inst297: {owl.Thing} => {onto.Class_2}
* Owlready * Reparenting onto.inst128: {owl.Thing} => {onto.Class_2}
* Owlready * Reparenting onto.inst705: {owl.Thing} => {onto.Class_2}
